<?xml version="1.0" encoding="UTF-8"?>
<testsuite xmlns:xsi="http://www.w3.org/2001/XMLSchema-instance" xsi:noNamespaceSchemaLocation="https://maven.apache.org/surefire/maven-surefire-plugin/xsd/surefire-test-report-3.0.xsd" version="3.0" name="com.perscholas.jenkins_pipeline.web_automation.IndexPageTest" time="0.839" tests="4" errors="0" skipped="3" failures="1">
  <properties>
[...]
</properties>
  <testcase name="setUp" classname="com.perscholas.jenkins_pipeline.web_automation.IndexPageTest" time="0.487">
    <failure message="The driver executable does not exist: /Users/Charlie/Documents/Programming/Per Scholas/ClassroomGitRepository/QEModule_Jenkins_Pipeline_Servlet_Selenium/QEModule_Jenkins_Pipeline_Servlet_Selenium/null/chromedriver" type="java.lang.IllegalStateException"><![CDATA[java.lang.IllegalStateException: The driver executable does not exist: /Users/Charlie/Documents/Programming/Per Scholas/ClassroomGitRepository/QEModule_Jenkins_Pipeline_Servlet_Selenium/QEModule_Jenkins_Pipeline_Servlet_Selenium/null/chromedriver
	at com.perscholas.jenkins_pipeline.web_automation.IndexPageTest.setUp(IndexPageTest.java:28)
]]></failure>
  </testcase>
  <testcase name="testH2Element" classname="com.perscholas.jenkins_pipeline.web_automation.IndexPageTest" time="0">
    <skipped message="The driver executable does not exist: /Users/Charlie/Documents/Programming/Per Scholas/ClassroomGitRepository/QEModule_Jenkins_Pipeline_Servlet_Selenium/QEModule_Jenkins_Pipeline_Servlet_Selenium/null/chromedriver"/>
  </testcase>
  <testcase name="testIndexPageTitle" classname="com.perscholas.jenkins_pipeline.web_automation.IndexPageTest" time="0">
    <skipped message="The driver executable does not exist: /Users/Charlie/Documents/Programming/Per Scholas/ClassroomGitRepository/QEModule_Jenkins_Pipeline_Servlet_Selenium/QEModule_Jenkins_Pipeline_Servlet_Selenium/null/chromedriver"/>
  </testcase>
  <testcase name="shutDown" classname="com.perscholas.jenkins_pipeline.web_automation.IndexPageTest" time="0">
    <skipped/>
  </testcase>
</testsuite>