<?xml version="1.0" encoding="UTF-8"?>
<testng-results skipped="0" failed="0" ignored="0" total="2" passed="2">
  <reporter-output>
  </reporter-output>
  <suite name="Default suite" duration-ms="117" started-at="2020-05-28T15:42:38 CDT" finished-at="2020-05-28T15:42:38 CDT">
    <groups>
    </groups>
    <test name="Default test" duration-ms="117" started-at="2020-05-28T15:42:38 CDT" finished-at="2020-05-28T15:42:38 CDT">
      <class name="com.perscholas.jenkins_pipeline.unit_tests.UnitTest02">
        <test-method status="PASS" signature="unitTest02Method01()[pri:0, instance:com.perscholas.jenkins_pipeline.unit_tests.UnitTest02@184f6be2]" name="unitTest02Method01" duration-ms="17" started-at="2020-05-28T15:42:38 CDT" finished-at="2020-05-28T15:42:38 CDT">
          <reporter-output>
          </reporter-output>
        </test-method> <!-- unitTest02Method01 -->
        <test-method status="PASS" signature="unitTest02Method02()[pri:0, instance:com.perscholas.jenkins_pipeline.unit_tests.UnitTest02@184f6be2]" name="unitTest02Method02" duration-ms="7" started-at="2020-05-28T15:42:38 CDT" finished-at="2020-05-28T15:42:38 CDT">
          <reporter-output>
          </reporter-output>
        </test-method> <!-- unitTest02Method02 -->
      </class> <!-- com.perscholas.jenkins_pipeline.unit_tests.UnitTest02 -->
    </test> <!-- Default test -->
  </suite> <!-- Default suite -->
</testng-results>
