<?xml version="1.0" encoding="UTF-8"?>
<testng-results skipped="0" failed="0" ignored="0" total="2" passed="2">
  <reporter-output>
  </reporter-output>
  <suite name="Default suite" duration-ms="3128" started-at="2020-05-19T15:40:45 CDT" finished-at="2020-05-19T15:40:48 CDT">
    <groups>
    </groups>
    <test name="Default test" duration-ms="3128" started-at="2020-05-19T15:40:45 CDT" finished-at="2020-05-19T15:40:48 CDT">
      <class name="com.perscholas.jenkins_pipeline.web_automation.IndexPageTest">
        <test-method status="PASS" signature="setUp()[pri:0, instance:com.perscholas.jenkins_pipeline.web_automation.IndexPageTest@74650e52]" name="setUp" is-config="true" duration-ms="2854" started-at="2020-05-19T15:40:45 CDT" finished-at="2020-05-19T15:40:48 CDT">
          <reporter-output>
          </reporter-output>
        </test-method> <!-- setUp -->
        <test-method status="PASS" signature="testH2Element()[pri:0, instance:com.perscholas.jenkins_pipeline.web_automation.IndexPageTest@74650e52]" name="testH2Element" duration-ms="52" started-at="2020-05-19T15:40:48 CDT" finished-at="2020-05-19T15:40:48 CDT">
          <reporter-output>
          </reporter-output>
        </test-method> <!-- testH2Element -->
        <test-method status="PASS" signature="testIndexPageTitle()[pri:0, instance:com.perscholas.jenkins_pipeline.web_automation.IndexPageTest@74650e52]" name="testIndexPageTitle" duration-ms="13" started-at="2020-05-19T15:40:48 CDT" finished-at="2020-05-19T15:40:48 CDT">
          <reporter-output>
          </reporter-output>
        </test-method> <!-- testIndexPageTitle -->
        <test-method status="PASS" signature="shutDown()[pri:0, instance:com.perscholas.jenkins_pipeline.web_automation.IndexPageTest@74650e52]" name="shutDown" is-config="true" duration-ms="150" started-at="2020-05-19T15:40:48 CDT" finished-at="2020-05-19T15:40:48 CDT">
          <reporter-output>
          </reporter-output>
        </test-method> <!-- shutDown -->
      </class> <!-- com.perscholas.jenkins_pipeline.web_automation.IndexPageTest -->
    </test> <!-- Default test -->
  </suite> <!-- Default suite -->
</testng-results>
