<?xml version="1.0" encoding="UTF-8"?>
<!-- Generated by org.testng.reporters.JUnitXMLReporter -->
<testsuite hostname="Charlies-MBP.home" ignored="0" name="Default test" tests="2" failures="0" timestamp="2020-05-28T15:42:38 CDT" time="0.117" errors="0">
  <testcase name="unitTest02Method01" time="0.017" classname="com.perscholas.jenkins_pipeline.unit_tests.UnitTest02"/>
  <testcase name="unitTest02Method02" time="0.007" classname="com.perscholas.jenkins_pipeline.unit_tests.UnitTest02"/>
</testsuite> <!-- Default test -->
