<?xml version="1.0" encoding="UTF-8"?>
<!-- Generated by org.testng.reporters.JUnitXMLReporter -->
<testsuite hostname="Charlies-MBP.home" ignored="0" name="Default test" tests="2" failures="0" timestamp="2020-05-19T21:30:07 CDT" time="3.861" errors="0">
  <testcase name="testH2Element" time="0.064" classname="com.perscholas.jenkins_pipeline.web_automation.IndexPageTest"/>
  <testcase name="testIndexPageTitle" time="0.02" classname="com.perscholas.jenkins_pipeline.web_automation.IndexPageTest"/>
</testsuite> <!-- Default test -->
